<?xml version="1.0" encoding="UTF-8" ?>
<testsuite tests="2" failures="0" name="com.pavlov.testing.runner.CucumberRunnerTest" time="36.899" errors="0" skipped="0">
  <properties>
[...]
</properties>
  <testcase classname="As a user I want to see items of submenu &apos;Автобарахолка&apos;" name="Checking submenu &apos;Автобарахолка&apos;" time="24.855"/>
  <testcase classname="As a user I want to see items of submenu &apos;Дома и квартиры&apos;" name="Checking submenu &apos;Дома и квартиры&apos;" time="12.044"/>
</testsuite>